{"/Users/sobrinn/Documents/FIDI Codes/My Codes/Web/FIDI.ai/config/constants.ts": {"path":"/Users/sobrinn/Documents/FIDI Codes/My Codes/Web/FIDI.ai/config/constants.ts","statementMap":{"0":{"start":{"line":7,"column":24},"end":{"line":12,"column":null}},"1":{"start":{"line":15,"column":27},"end":{"line":18,"column":null}},"2":{"start":{"line":21,"column":23},"end":{"line":25,"column":null}},"3":{"start":{"line":28,"column":18},"end":{"line":33,"column":null}},"4":{"start":{"line":36,"column":23},"end":{"line":40,"column":null}},"5":{"start":{"line":43,"column":21},"end":{"line":48,"column":null}},"6":{"start":{"line":51,"column":26},"end":{"line":54,"column":null}},"7":{"start":{"line":57,"column":22},"end":{"line":60,"column":null}},"8":{"start":{"line":63,"column":25},"end":{"line":63,"column":null}},"9":{"start":{"line":67,"column":21},"end":{"line":67,"column":null}}},"fnMap":{},"branchMap":{},"s":{"0":2,"1":2,"2":2,"3":2,"4":2,"5":2,"6":2,"7":2,"8":2,"9":2},"f":{},"b":{},"meta":{"lastBranch":0,"lastFunction":0,"lastStatement":10,"seen":{"s:7:24:12:Infinity":0,"s:15:27:18:Infinity":1,"s:21:23:25:Infinity":2,"s:28:18:33:Infinity":3,"s:36:23:40:Infinity":4,"s:43:21:48:Infinity":5,"s:51:26:54:Infinity":6,"s:57:22:60:Infinity":7,"s:63:25:63:Infinity":8,"s:67:21:67:Infinity":9}}}
,"/Users/sobrinn/Documents/FIDI Codes/My Codes/Web/FIDI.ai/hooks/useAutoScroll.ts": {"path":"/Users/sobrinn/Documents/FIDI Codes/My Codes/Web/FIDI.ai/hooks/useAutoScroll.ts","statementMap":{"0":{"start":{"line":39,"column":29},"end":{"line":87,"column":null}},"1":{"start":{"line":43,"column":8},"end":{"line":43,"column":null}},"2":{"start":{"line":44,"column":8},"end":{"line":44,"column":null}},"3":{"start":{"line":49,"column":23},"end":{"line":57,"column":null}},"4":{"start":{"line":50,"column":22},"end":{"line":50,"column":null}},"5":{"start":{"line":51,"column":4},"end":{"line":51,"column":null}},"6":{"start":{"line":51,"column":20},"end":{"line":51,"column":null}},"7":{"start":{"line":53,"column":54},"end":{"line":53,"column":null}},"8":{"start":{"line":54,"column":31},"end":{"line":54,"column":null}},"9":{"start":{"line":56,"column":4},"end":{"line":56,"column":null}},"10":{"start":{"line":62,"column":25},"end":{"line":66,"column":null}},"11":{"start":{"line":63,"column":4},"end":{"line":65,"column":null}},"12":{"start":{"line":71,"column":2},"end":{"line":79,"column":null}},"13":{"start":{"line":72,"column":4},"end":{"line":72,"column":null}},"14":{"start":{"line":72,"column":18},"end":{"line":72,"column":null}},"15":{"start":{"line":76,"column":4},"end":{"line":78,"column":null}},"16":{"start":{"line":77,"column":6},"end":{"line":77,"column":null}},"17":{"start":{"line":81,"column":2},"end":{"line":86,"column":null}}},"fnMap":{"0":{"name":"(anonymous_0)","decl":{"start":{"line":39,"column":29},"end":{"line":39,"column":30}},"loc":{"start":{"line":42,"column":49},"end":{"line":87,"column":null}},"line":42},"1":{"name":"(anonymous_1)","decl":{"start":{"line":49,"column":23},"end":{"line":49,"column":38}},"loc":{"start":{"line":49,"column":38},"end":{"line":57,"column":null}},"line":49},"2":{"name":"(anonymous_2)","decl":{"start":{"line":62,"column":25},"end":{"line":62,"column":26}},"loc":{"start":{"line":62,"column":53},"end":{"line":66,"column":null}},"line":62},"3":{"name":"(anonymous_3)","decl":{"start":{"line":71,"column":12},"end":{"line":71,"column":18}},"loc":{"start":{"line":71,"column":18},"end":{"line":79,"column":5}},"line":71}},"branchMap":{"0":{"loc":{"start":{"line":41,"column":2},"end":{"line":41,"column":null}},"type":"default-arg","locations":[{"start":{"line":41,"column":12},"end":{"line":41,"column":null}}],"line":41},"1":{"loc":{"start":{"line":51,"column":4},"end":{"line":51,"column":null}},"type":"if","locations":[{"start":{"line":51,"column":4},"end":{"line":51,"column":null}},{"start":{},"end":{}}],"line":51},"2":{"loc":{"start":{"line":62,"column":26},"end":{"line":62,"column":53}},"type":"default-arg","locations":[{"start":{"line":62,"column":44},"end":{"line":62,"column":53}}],"line":62},"3":{"loc":{"start":{"line":64,"column":16},"end":{"line":64,"column":null}},"type":"cond-expr","locations":[{"start":{"line":64,"column":25},"end":{"line":64,"column":36}},{"start":{"line":64,"column":36},"end":{"line":64,"column":null}}],"line":64},"4":{"loc":{"start":{"line":72,"column":4},"end":{"line":72,"column":null}},"type":"if","locations":[{"start":{"line":72,"column":4},"end":{"line":72,"column":null}},{"start":{},"end":{}}],"line":72},"5":{"loc":{"start":{"line":76,"column":4},"end":{"line":78,"column":null}},"type":"if","locations":[{"start":{"line":76,"column":4},"end":{"line":78,"column":null}},{"start":{},"end":{}}],"line":76}},"s":{"0":1,"1":8,"2":8,"3":8,"4":10,"5":10,"6":8,"7":2,"8":2,"9":2,"10":8,"11":10,"12":8,"13":8,"14":1,"15":7,"16":7,"17":8},"f":{"0":8,"1":10,"2":10,"3":8},"b":{"0":[8],"1":[8,2],"2":[10],"3":[1,1],"4":[1,7],"5":[7,0]},"meta":{"lastBranch":6,"lastFunction":4,"lastStatement":18,"seen":{"s:39:29:87:Infinity":0,"f:39:29:39:30":0,"b:41:12:41:Infinity":0,"s:43:8:43:Infinity":1,"s:44:8:44:Infinity":2,"s:49:23:57:Infinity":3,"f:49:23:49:38":1,"s:50:22:50:Infinity":4,"b:51:4:51:Infinity:undefined:undefined:undefined:undefined":1,"s:51:4:51:Infinity":5,"s:51:20:51:Infinity":6,"s:53:54:53:Infinity":7,"s:54:31:54:Infinity":8,"s:56:4:56:Infinity":9,"s:62:25:66:Infinity":10,"f:62:25:62:26":2,"b:62:44:62:53":2,"s:63:4:65:Infinity":11,"b:64:25:64:36:64:36:64:Infinity":3,"s:71:2:79:Infinity":12,"f:71:12:71:18":3,"b:72:4:72:Infinity:undefined:undefined:undefined:undefined":4,"s:72:4:72:Infinity":13,"s:72:18:72:Infinity":14,"b:76:4:78:Infinity:undefined:undefined:undefined:undefined":5,"s:76:4:78:Infinity":15,"s:77:6:77:Infinity":16,"s:81:2:86:Infinity":17}}}
,"/Users/sobrinn/Documents/FIDI Codes/My Codes/Web/FIDI.ai/hooks/useConversations.ts": {"path":"/Users/sobrinn/Documents/FIDI Codes/My Codes/Web/FIDI.ai/hooks/useConversations.ts","statementMap":{"0":{"start":{"line":21,"column":32},"end":{"line":85,"column":null}},"1":{"start":{"line":22,"column":40},"end":{"line":22,"column":null}},"2":{"start":{"line":23,"column":32},"end":{"line":23,"column":null}},"3":{"start":{"line":26,"column":28},"end":{"line":36,"column":null}},"4":{"start":{"line":27,"column":4},"end":{"line":35,"column":null}},"5":{"start":{"line":28,"column":12},"end":{"line":28,"column":null}},"6":{"start":{"line":29,"column":6},"end":{"line":29,"column":null}},"7":{"start":{"line":32,"column":6},"end":{"line":34,"column":null}},"8":{"start":{"line":33,"column":8},"end":{"line":33,"column":null}},"9":{"start":{"line":38,"column":2},"end":{"line":40,"column":null}},"10":{"start":{"line":39,"column":4},"end":{"line":39,"column":null}},"11":{"start":{"line":43,"column":2},"end":{"line":47,"column":null}},"12":{"start":{"line":44,"column":4},"end":{"line":46,"column":null}},"13":{"start":{"line":45,"column":6},"end":{"line":45,"column":null}},"14":{"start":{"line":49,"column":26},"end":{"line":52,"column":null}},"15":{"start":{"line":50,"column":4},"end":{"line":50,"column":null}},"16":{"start":{"line":50,"column":29},"end":{"line":50,"column":52}},"17":{"start":{"line":51,"column":4},"end":{"line":51,"column":null}},"18":{"start":{"line":54,"column":29},"end":{"line":60,"column":null}},"19":{"start":{"line":55,"column":4},"end":{"line":59,"column":null}},"20":{"start":{"line":56,"column":6},"end":{"line":58,"column":null}},"21":{"start":{"line":57,"column":8},"end":{"line":57,"column":null}},"22":{"start":{"line":62,"column":29},"end":{"line":73,"column":null}},"23":{"start":{"line":63,"column":4},"end":{"line":72,"column":null}},"24":{"start":{"line":64,"column":23},"end":{"line":64,"column":null}},"25":{"start":{"line":64,"column":40},"end":{"line":64,"column":51}},"26":{"start":{"line":67,"column":6},"end":{"line":69,"column":null}},"27":{"start":{"line":68,"column":8},"end":{"line":68,"column":null}},"28":{"start":{"line":71,"column":6},"end":{"line":71,"column":null}},"29":{"start":{"line":75,"column":2},"end":{"line":84,"column":null}}},"fnMap":{"0":{"name":"(anonymous_0)","decl":{"start":{"line":21,"column":32},"end":{"line":21,"column":33}},"loc":{"start":{"line":21,"column":86},"end":{"line":85,"column":null}},"line":21},"1":{"name":"(anonymous_1)","decl":{"start":{"line":26,"column":28},"end":{"line":26,"column":34}},"loc":{"start":{"line":26,"column":34},"end":{"line":36,"column":null}},"line":26},"2":{"name":"(anonymous_2)","decl":{"start":{"line":38,"column":12},"end":{"line":38,"column":18}},"loc":{"start":{"line":38,"column":18},"end":{"line":40,"column":5}},"line":38},"3":{"name":"(anonymous_3)","decl":{"start":{"line":43,"column":12},"end":{"line":43,"column":18}},"loc":{"start":{"line":43,"column":18},"end":{"line":47,"column":5}},"line":43},"4":{"name":"(anonymous_4)","decl":{"start":{"line":49,"column":26},"end":{"line":49,"column":27}},"loc":{"start":{"line":49,"column":58},"end":{"line":52,"column":null}},"line":49},"5":{"name":"(anonymous_5)","decl":{"start":{"line":50,"column":21},"end":{"line":50,"column":29}},"loc":{"start":{"line":50,"column":29},"end":{"line":50,"column":52}},"line":50},"6":{"name":"(anonymous_6)","decl":{"start":{"line":54,"column":29},"end":{"line":54,"column":30}},"loc":{"start":{"line":54,"column":77},"end":{"line":60,"column":null}},"line":54},"7":{"name":"(anonymous_7)","decl":{"start":{"line":55,"column":21},"end":{"line":55,"column":null}},"loc":{"start":{"line":56,"column":6},"end":{"line":58,"column":null}},"line":56},"8":{"name":"(anonymous_8)","decl":{"start":{"line":56,"column":15},"end":{"line":56,"column":null}},"loc":{"start":{"line":57,"column":8},"end":{"line":57,"column":null}},"line":57},"9":{"name":"(anonymous_9)","decl":{"start":{"line":62,"column":29},"end":{"line":62,"column":30}},"loc":{"start":{"line":62,"column":45},"end":{"line":73,"column":null}},"line":62},"10":{"name":"(anonymous_10)","decl":{"start":{"line":63,"column":21},"end":{"line":63,"column":29}},"loc":{"start":{"line":63,"column":29},"end":{"line":72,"column":5}},"line":63},"11":{"name":"(anonymous_11)","decl":{"start":{"line":64,"column":35},"end":{"line":64,"column":40}},"loc":{"start":{"line":64,"column":40},"end":{"line":64,"column":51}},"line":64}},"branchMap":{"0":{"loc":{"start":{"line":27,"column":4},"end":{"line":35,"column":null}},"type":"if","locations":[{"start":{"line":27,"column":4},"end":{"line":35,"column":null}},{"start":{},"end":{}}],"line":27},"1":{"loc":{"start":{"line":32,"column":6},"end":{"line":34,"column":null}},"type":"if","locations":[{"start":{"line":32,"column":6},"end":{"line":34,"column":null}},{"start":{},"end":{}}],"line":32},"2":{"loc":{"start":{"line":32,"column":10},"end":{"line":32,"column":47}},"type":"binary-expr","locations":[{"start":{"line":32,"column":10},"end":{"line":32,"column":35}},{"start":{"line":32,"column":35},"end":{"line":32,"column":47}}],"line":32},"3":{"loc":{"start":{"line":44,"column":4},"end":{"line":46,"column":null}},"type":"if","locations":[{"start":{"line":44,"column":4},"end":{"line":46,"column":null}},{"start":{},"end":{}}],"line":44},"4":{"loc":{"start":{"line":44,"column":8},"end":{"line":44,"column":49}},"type":"binary-expr","locations":[{"start":{"line":44,"column":8},"end":{"line":44,"column":23}},{"start":{"line":44,"column":23},"end":{"line":44,"column":49}}],"line":44},"5":{"loc":{"start":{"line":57,"column":8},"end":{"line":57,"column":null}},"type":"cond-expr","locations":[{"start":{"line":57,"column":25},"end":{"line":57,"column":74}},{"start":{"line":57,"column":74},"end":{"line":57,"column":null}}],"line":57},"6":{"loc":{"start":{"line":67,"column":6},"end":{"line":69,"column":null}},"type":"if","locations":[{"start":{"line":67,"column":6},"end":{"line":69,"column":null}},{"start":{},"end":{}}],"line":67},"7":{"loc":{"start":{"line":68,"column":21},"end":{"line":68,"column":64}},"type":"cond-expr","locations":[{"start":{"line":68,"column":43},"end":{"line":68,"column":60}},{"start":{"line":68,"column":60},"end":{"line":68,"column":64}}],"line":68}},"s":{"0":1,"1":50,"2":50,"3":50,"4":17,"5":16,"6":16,"7":16,"8":3,"9":50,"10":16,"11":50,"12":47,"13":19,"14":50,"15":12,"16":12,"17":12,"18":50,"19":2,"20":2,"21":3,"22":50,"23":3,"24":3,"25":5,"26":3,"27":2,"28":3,"29":50},"f":{"0":50,"1":17,"2":16,"3":47,"4":12,"5":12,"6":2,"7":2,"8":3,"9":3,"10":3,"11":5},"b":{"0":[16,1],"1":[3,13],"2":[16,4],"3":[19,28],"4":[47,46],"5":[2,1],"6":[2,1],"7":[1,1]},"meta":{"lastBranch":8,"lastFunction":12,"lastStatement":30,"seen":{"s:21:32:85:Infinity":0,"f:21:32:21:33":0,"s:22:40:22:Infinity":1,"s:23:32:23:Infinity":2,"s:26:28:36:Infinity":3,"f:26:28:26:34":1,"b:27:4:35:Infinity:undefined:undefined:undefined:undefined":0,"s:27:4:35:Infinity":4,"s:28:12:28:Infinity":5,"s:29:6:29:Infinity":6,"b:32:6:34:Infinity:undefined:undefined:undefined:undefined":1,"s:32:6:34:Infinity":7,"b:32:10:32:35:32:35:32:47":2,"s:33:8:33:Infinity":8,"s:38:2:40:Infinity":9,"f:38:12:38:18":2,"s:39:4:39:Infinity":10,"s:43:2:47:Infinity":11,"f:43:12:43:18":3,"b:44:4:46:Infinity:undefined:undefined:undefined:undefined":3,"s:44:4:46:Infinity":12,"b:44:8:44:23:44:23:44:49":4,"s:45:6:45:Infinity":13,"s:49:26:52:Infinity":14,"f:49:26:49:27":4,"s:50:4:50:Infinity":15,"f:50:21:50:29":5,"s:50:29:50:52":16,"s:51:4:51:Infinity":17,"s:54:29:60:Infinity":18,"f:54:29:54:30":6,"s:55:4:59:Infinity":19,"f:55:21:55:Infinity":7,"s:56:6:58:Infinity":20,"f:56:15:56:Infinity":8,"s:57:8:57:Infinity":21,"b:57:25:57:74:57:74:57:Infinity":5,"s:62:29:73:Infinity":22,"f:62:29:62:30":9,"s:63:4:72:Infinity":23,"f:63:21:63:29":10,"s:64:23:64:Infinity":24,"f:64:35:64:40":11,"s:64:40:64:51":25,"b:67:6:69:Infinity:undefined:undefined:undefined:undefined":6,"s:67:6:69:Infinity":26,"s:68:8:68:Infinity":27,"b:68:43:68:60:68:60:68:64":7,"s:71:6:71:Infinity":28,"s:75:2:84:Infinity":29}}}
,"/Users/sobrinn/Documents/FIDI Codes/My Codes/Web/FIDI.ai/hooks/useFileAttachments.ts": {"path":"/Users/sobrinn/Documents/FIDI Codes/My Codes/Web/FIDI.ai/hooks/useFileAttachments.ts","statementMap":{"0":{"start":{"line":19,"column":34},"end":{"line":98,"column":null}},"1":{"start":{"line":20,"column":36},"end":{"line":20,"column":null}},"2":{"start":{"line":21,"column":36},"end":{"line":21,"column":null}},"3":{"start":{"line":22,"column":8},"end":{"line":22,"column":null}},"4":{"start":{"line":24,"column":27},"end":{"line":80,"column":null}},"5":{"start":{"line":25,"column":18},"end":{"line":25,"column":null}},"6":{"start":{"line":26,"column":4},"end":{"line":26,"column":null}},"7":{"start":{"line":26,"column":38},"end":{"line":26,"column":null}},"8":{"start":{"line":28,"column":17},"end":{"line":28,"column":null}},"9":{"start":{"line":31,"column":4},"end":{"line":37,"column":null}},"10":{"start":{"line":32,"column":6},"end":{"line":32,"column":null}},"11":{"start":{"line":33,"column":6},"end":{"line":35,"column":null}},"12":{"start":{"line":34,"column":8},"end":{"line":34,"column":null}},"13":{"start":{"line":36,"column":6},"end":{"line":36,"column":null}},"14":{"start":{"line":39,"column":4},"end":{"line":39,"column":null}},"15":{"start":{"line":41,"column":4},"end":{"line":79,"column":null}},"16":{"start":{"line":42,"column":21},"end":{"line":42,"column":null}},"17":{"start":{"line":44,"column":6},"end":{"line":62,"column":null}},"18":{"start":{"line":45,"column":24},"end":{"line":45,"column":null}},"19":{"start":{"line":47,"column":23},"end":{"line":47,"column":null}},"20":{"start":{"line":48,"column":42},"end":{"line":53,"column":null}},"21":{"start":{"line":55,"column":8},"end":{"line":55,"column":null}},"22":{"start":{"line":55,"column":31},"end":{"line":55,"column":55}},"23":{"start":{"line":56,"column":8},"end":{"line":56,"column":null}},"24":{"start":{"line":59,"column":8},"end":{"line":61,"column":null}},"25":{"start":{"line":60,"column":10},"end":{"line":60,"column":null}},"26":{"start":{"line":64,"column":6},"end":{"line":72,"column":null}},"27":{"start":{"line":65,"column":8},"end":{"line":65,"column":null}},"28":{"start":{"line":66,"column":8},"end":{"line":66,"column":null}},"29":{"start":{"line":67,"column":8},"end":{"line":67,"column":null}},"30":{"start":{"line":69,"column":8},"end":{"line":71,"column":null}},"31":{"start":{"line":70,"column":10},"end":{"line":70,"column":null}},"32":{"start":{"line":74,"column":6},"end":{"line":74,"column":null}},"33":{"start":{"line":76,"column":6},"end":{"line":76,"column":null}},"34":{"start":{"line":77,"column":6},"end":{"line":77,"column":null}},"35":{"start":{"line":78,"column":6},"end":{"line":78,"column":null}},"36":{"start":{"line":82,"column":27},"end":{"line":84,"column":null}},"37":{"start":{"line":83,"column":4},"end":{"line":83,"column":null}},"38":{"start":{"line":83,"column":27},"end":{"line":83,"column":61}},"39":{"start":{"line":83,"column":49},"end":{"line":83,"column":60}},"40":{"start":{"line":86,"column":27},"end":{"line":88,"column":null}},"41":{"start":{"line":87,"column":4},"end":{"line":87,"column":null}},"42":{"start":{"line":90,"column":2},"end":{"line":97,"column":null}}},"fnMap":{"0":{"name":"(anonymous_0)","decl":{"start":{"line":19,"column":34},"end":{"line":19,"column":66}},"loc":{"start":{"line":19,"column":66},"end":{"line":98,"column":null}},"line":19},"1":{"name":"(anonymous_1)","decl":{"start":{"line":24,"column":27},"end":{"line":24,"column":34}},"loc":{"start":{"line":24,"column":81},"end":{"line":80,"column":null}},"line":24},"2":{"name":"(anonymous_2)","decl":{"start":{"line":44,"column":22},"end":{"line":44,"column":23}},"loc":{"start":{"line":44,"column":29},"end":{"line":62,"column":null}},"line":44},"3":{"name":"(anonymous_3)","decl":{"start":{"line":55,"column":23},"end":{"line":55,"column":31}},"loc":{"start":{"line":55,"column":31},"end":{"line":55,"column":55}},"line":55},"4":{"name":"(anonymous_4)","decl":{"start":{"line":64,"column":23},"end":{"line":64,"column":29}},"loc":{"start":{"line":64,"column":29},"end":{"line":72,"column":null}},"line":64},"5":{"name":"(anonymous_5)","decl":{"start":{"line":82,"column":27},"end":{"line":82,"column":28}},"loc":{"start":{"line":82,"column":46},"end":{"line":84,"column":null}},"line":82},"6":{"name":"(anonymous_6)","decl":{"start":{"line":83,"column":19},"end":{"line":83,"column":27}},"loc":{"start":{"line":83,"column":27},"end":{"line":83,"column":61}},"line":83},"7":{"name":"(anonymous_7)","decl":{"start":{"line":83,"column":39},"end":{"line":83,"column":40}},"loc":{"start":{"line":83,"column":49},"end":{"line":83,"column":60}},"line":83},"8":{"name":"(anonymous_8)","decl":{"start":{"line":86,"column":27},"end":{"line":86,"column":33}},"loc":{"start":{"line":86,"column":33},"end":{"line":88,"column":null}},"line":86}},"branchMap":{"0":{"loc":{"start":{"line":26,"column":4},"end":{"line":26,"column":null}},"type":"if","locations":[{"start":{"line":26,"column":4},"end":{"line":26,"column":null}},{"start":{},"end":{}}],"line":26},"1":{"loc":{"start":{"line":26,"column":8},"end":{"line":26,"column":38}},"type":"binary-expr","locations":[{"start":{"line":26,"column":8},"end":{"line":26,"column":18}},{"start":{"line":26,"column":18},"end":{"line":26,"column":38}}],"line":26},"2":{"loc":{"start":{"line":31,"column":4},"end":{"line":37,"column":null}},"type":"if","locations":[{"start":{"line":31,"column":4},"end":{"line":37,"column":null}},{"start":{},"end":{}}],"line":31},"3":{"loc":{"start":{"line":33,"column":6},"end":{"line":35,"column":null}},"type":"if","locations":[{"start":{"line":33,"column":6},"end":{"line":35,"column":null}},{"start":{},"end":{}}],"line":33},"4":{"loc":{"start":{"line":59,"column":8},"end":{"line":61,"column":null}},"type":"if","locations":[{"start":{"line":59,"column":8},"end":{"line":61,"column":null}},{"start":{},"end":{}}],"line":59},"5":{"loc":{"start":{"line":69,"column":8},"end":{"line":71,"column":null}},"type":"if","locations":[{"start":{"line":69,"column":8},"end":{"line":71,"column":null}},{"start":{},"end":{}}],"line":69}},"s":{"0":1,"1":21,"2":21,"3":21,"4":21,"5":6,"6":6,"7":2,"8":4,"9":4,"10":1,"11":1,"12":0,"13":1,"14":3,"15":3,"16":3,"17":3,"18":2,"19":2,"20":2,"21":2,"22":2,"23":2,"24":2,"25":0,"26":3,"27":1,"28":1,"29":1,"30":1,"31":0,"32":3,"33":0,"34":0,"35":0,"36":21,"37":3,"38":3,"39":1,"40":21,"41":1,"42":21},"f":{"0":21,"1":6,"2":2,"3":2,"4":1,"5":3,"6":3,"7":1,"8":1},"b":{"0":[2,4],"1":[6,5],"2":[1,3],"3":[0,1],"4":[0,2],"5":[0,1]},"meta":{"lastBranch":6,"lastFunction":9,"lastStatement":43,"seen":{"s:19:34:98:Infinity":0,"f:19:34:19:66":0,"s:20:36:20:Infinity":1,"s:21:36:21:Infinity":2,"s:22:8:22:Infinity":3,"s:24:27:80:Infinity":4,"f:24:27:24:34":1,"s:25:18:25:Infinity":5,"b:26:4:26:Infinity:undefined:undefined:undefined:undefined":0,"s:26:4:26:Infinity":6,"b:26:8:26:18:26:18:26:38":1,"s:26:38:26:Infinity":7,"s:28:17:28:Infinity":8,"b:31:4:37:Infinity:undefined:undefined:undefined:undefined":2,"s:31:4:37:Infinity":9,"s:32:6:32:Infinity":10,"b:33:6:35:Infinity:undefined:undefined:undefined:undefined":3,"s:33:6:35:Infinity":11,"s:34:8:34:Infinity":12,"s:36:6:36:Infinity":13,"s:39:4:39:Infinity":14,"s:41:4:79:Infinity":15,"s:42:21:42:Infinity":16,"s:44:6:62:Infinity":17,"f:44:22:44:23":2,"s:45:24:45:Infinity":18,"s:47:23:47:Infinity":19,"s:48:42:53:Infinity":20,"s:55:8:55:Infinity":21,"f:55:23:55:31":3,"s:55:31:55:55":22,"s:56:8:56:Infinity":23,"b:59:8:61:Infinity:undefined:undefined:undefined:undefined":4,"s:59:8:61:Infinity":24,"s:60:10:60:Infinity":25,"s:64:6:72:Infinity":26,"f:64:23:64:29":4,"s:65:8:65:Infinity":27,"s:66:8:66:Infinity":28,"s:67:8:67:Infinity":29,"b:69:8:71:Infinity:undefined:undefined:undefined:undefined":5,"s:69:8:71:Infinity":30,"s:70:10:70:Infinity":31,"s:74:6:74:Infinity":32,"s:76:6:76:Infinity":33,"s:77:6:77:Infinity":34,"s:78:6:78:Infinity":35,"s:82:27:84:Infinity":36,"f:82:27:82:28":5,"s:83:4:83:Infinity":37,"f:83:19:83:27":6,"s:83:27:83:61":38,"f:83:39:83:40":7,"s:83:49:83:60":39,"s:86:27:88:Infinity":40,"f:86:27:86:33":8,"s:87:4:87:Infinity":41,"s:90:2:97:Infinity":42}}}
}
